This is pdfTeX, Version 3.14159265-2.6-1.40.19 (MiKTeX 2.9.6840 64-bit) (preloaded format=pdflatex 2019.5.7)  5 JUN 2020 10:37
entering extended mode
**./HWS_PR_VISCY-Protokoll_03.tex
(HWS_PR_VISCY-Protokoll_03.tex
LaTeX2e <2018-04-01> patch level 5
("C:\Users\TEMKENG\AppData\Local\Programs\MiKTeX 2.9\tex\latex\base\article.cls
"
Document Class: article 2014/09/29 v1.4h Standard LaTeX document class
("C:\Users\TEMKENG\AppData\Local\Programs\MiKTeX 2.9\tex\latex\base\size10.clo"
File: size10.clo 2014/09/29 v1.4h Standard LaTeX file (size option)
)
\c@part=\count80
\c@section=\count81
\c@subsection=\count82
\c@subsubsection=\count83
\c@paragraph=\count84
\c@subparagraph=\count85
\c@figure=\count86
\c@table=\count87
\abovecaptionskip=\skip41
\belowcaptionskip=\skip42
\bibindent=\dimen102
)
("C:\Users\TEMKENG\AppData\Local\Programs\MiKTeX 2.9\tex\latex\base\fontenc.sty
"
Package: fontenc 2017/04/05 v2.0i Standard LaTeX package
 ("C:\Users\TEMKENG\AppData\Local\Programs\MiKTeX 2.9\tex\latex\base\t1enc.def"
File: t1enc.def 2017/04/05 v2.0i Standard LaTeX file
LaTeX Font Info:    Redeclaring font encoding T1 on input line 48.
))
("C:\Users\TEMKENG\AppData\Local\Programs\MiKTeX 2.9\tex\generic\babel\babel.st
y"
Package: babel 2018/09/26 3.24 The Babel package

("C:\Users\TEMKENG\AppData\Local\Programs\MiKTeX 2.9\tex\generic\babel\switch.d
ef"
File: switch.def 2018/09/26 3.24 Babel switching mechanism
)
*************************************
* Local config file bblopts.cfg used
*

("C:\Users\TEMKENG\AppData\Local\Programs\MiKTeX 2.9\tex\latex\arabi\bblopts.cf
g"
File: bblopts.cfg 2005/09/08 v0.1 add Arabic and Farsi to "declared" options of
 babel
)
("C:\Users\TEMKENG\AppData\Local\Programs\MiKTeX 2.9\tex\latex\babel-german\nge
rman.ldf"
Language: ngerman 2018/03/29 v2.10 German support for babel (post-1996 orthogra
phy)

("C:\Users\TEMKENG\AppData\Local\Programs\MiKTeX 2.9\tex\latex\babel-german\nge
rmanb.ldf"
Language: ngermanb 2018/03/29 v2.10 German support for babel (post-1996 orthogr
aphy)

("C:\Users\TEMKENG\AppData\Local\Programs\MiKTeX 2.9\tex\generic\babel\babel.de
f"
File: babel.def 2018/09/26 3.24 Babel common definitions
\babel@savecnt=\count88
\U@D=\dimen103

("C:\Users\TEMKENG\AppData\Local\Programs\MiKTeX 2.9\tex\generic\babel\txtbabel
.def")
\bbl@dirlevel=\count89
)
Package babel Info: Making " an active character on input line 121.
)))
("C:\Users\TEMKENG\AppData\Local\Programs\MiKTeX 2.9\tex\latex\bera\beramono.st
y"
Package: beramono 2004/01/31 (WaS)

("C:\Users\TEMKENG\AppData\Local\Programs\MiKTeX 2.9\tex\latex\graphics\keyval.
sty"
Package: keyval 2014/10/28 v1.15 key=value parser (DPC)
\KV@toks@=\toks14
))
("C:\Users\TEMKENG\AppData\Local\Programs\MiKTeX 2.9\tex\latex\graphics\graphic
x.sty"
Package: graphicx 2017/06/01 v1.1a Enhanced LaTeX Graphics (DPC,SPQR)

("C:\Users\TEMKENG\AppData\Local\Programs\MiKTeX 2.9\tex\latex\graphics\graphic
s.sty"
Package: graphics 2017/06/25 v1.2c Standard LaTeX Graphics (DPC,SPQR)

("C:\Users\TEMKENG\AppData\Local\Programs\MiKTeX 2.9\tex\latex\graphics\trig.st
y"
Package: trig 2016/01/03 v1.10 sin cos tan (DPC)
)
("C:\Users\TEMKENG\AppData\Local\Programs\MiKTeX 2.9\tex\latex\graphics-cfg\gra
phics.cfg"
File: graphics.cfg 2016/06/04 v1.11 sample graphics configuration
)
Package graphics Info: Driver file: pdftex.def on input line 99.

("C:\Users\TEMKENG\AppData\Local\Programs\MiKTeX 2.9\tex\latex\graphics-def\pdf
tex.def"
File: pdftex.def 2018/01/08 v1.0l Graphics/color driver for pdftex
))
\Gin@req@height=\dimen104
\Gin@req@width=\dimen105
)
("C:\Users\TEMKENG\AppData\Local\Programs\MiKTeX 2.9\tex\latex\listings\listing
s.sty"
\lst@mode=\count90
\lst@gtempboxa=\box26
\lst@token=\toks15
\lst@length=\count91
\lst@currlwidth=\dimen106
\lst@column=\count92
\lst@pos=\count93
\lst@lostspace=\dimen107
\lst@width=\dimen108
\lst@newlines=\count94
\lst@lineno=\count95
\lst@maxwidth=\dimen109

("C:\Users\TEMKENG\AppData\Local\Programs\MiKTeX 2.9\tex\latex\listings\lstmisc
.sty"
File: lstmisc.sty 2019/02/27 1.8b (Carsten Heinz)
\c@lstnumber=\count96
\lst@skipnumbers=\count97
\lst@framebox=\box27
)
("C:\Users\TEMKENG\AppData\Local\Programs\MiKTeX 2.9\tex\latex\listings\listing
s.cfg"
File: listings.cfg 2019/02/27 1.8b listings configuration
))
Package: listings 2019/02/27 1.8b (Carsten Heinz)

("C:\Users\TEMKENG\AppData\Local\Programs\MiKTeX 2.9\tex\latex\caption\subcapti
on.sty"
Package: subcaption 2018/05/01 v1.1-162 Sub-captions (AR)

("C:\Users\TEMKENG\AppData\Local\Programs\MiKTeX 2.9\tex\latex\caption\caption.
sty"
Package: caption 2018/10/06 v3.3-154 Customizing captions (AR)

("C:\Users\TEMKENG\AppData\Local\Programs\MiKTeX 2.9\tex\latex\caption\caption3
.sty"
Package: caption3 2018/09/12 v1.8c caption3 kernel (AR)
Package caption3 Info: TeX engine: e-TeX on input line 64.
\captionmargin=\dimen110
\captionmargin@=\dimen111
\captionwidth=\dimen112
\caption@tempdima=\dimen113
\caption@indent=\dimen114
\caption@parindent=\dimen115
\caption@hangindent=\dimen116
)
\c@caption@flags=\count98
\c@ContinuedFloat=\count99
Package caption Info: listings package is loaded.
)
\c@subfigure=\count100
\c@subtable=\count101
)
("C:\Users\TEMKENG\AppData\Local\Programs\MiKTeX 2.9\tex\latex\graphics\color.s
ty"
Package: color 2016/07/10 v1.1e Standard LaTeX Color (DPC)

("C:\Users\TEMKENG\AppData\Local\Programs\MiKTeX 2.9\tex\latex\graphics-cfg\col
or.cfg"
File: color.cfg 2016/01/02 v1.6 sample color configuration
)
Package color Info: Driver file: pdftex.def on input line 147.
)
("C:\Users\TEMKENG\AppData\Local\Programs\MiKTeX 2.9\tex\latex\xcolor\xcolor.st
y"
Package: xcolor 2016/05/11 v2.12 LaTeX color extensions (UK)

("C:\Users\TEMKENG\AppData\Local\Programs\MiKTeX 2.9\tex\latex\graphics-cfg\col
or.cfg"
File: color.cfg 2016/01/02 v1.6 sample color configuration
)
Package xcolor Info: Driver file: pdftex.def on input line 225.
LaTeX Info: Redefining \color on input line 709.
Package xcolor Info: Model `cmy' substituted by `cmy0' on input line 1348.
Package xcolor Info: Model `hsb' substituted by `rgb' on input line 1352.
Package xcolor Info: Model `RGB' extended on input line 1364.
Package xcolor Info: Model `HTML' substituted by `rgb' on input line 1366.
Package xcolor Info: Model `Hsb' substituted by `hsb' on input line 1367.
Package xcolor Info: Model `tHsb' substituted by `hsb' on input line 1368.
Package xcolor Info: Model `HSB' substituted by `hsb' on input line 1369.
Package xcolor Info: Model `Gray' substituted by `gray' on input line 1370.
Package xcolor Info: Model `wave' substituted by `hsb' on input line 1371.
)
("C:\Users\TEMKENG\AppData\Local\Programs\MiKTeX 2.9\tex\latex\geometry\geometr
y.sty"
Package: geometry 2018/04/16 v5.8 Page Geometry

("C:\Users\TEMKENG\AppData\Local\Programs\MiKTeX 2.9\tex\generic\oberdiek\ifpdf
.sty"
Package: ifpdf 2018/09/07 v3.3 Provides the ifpdf switch
)
("C:\Users\TEMKENG\AppData\Local\Programs\MiKTeX 2.9\tex\generic\oberdiek\ifvte
x.sty"
Package: ifvtex 2016/05/16 v1.6 Detect VTeX and its facilities (HO)
Package ifvtex Info: VTeX not detected.
)
("C:\Users\TEMKENG\AppData\Local\Programs\MiKTeX 2.9\tex\generic\ifxetex\ifxete
x.sty"
Package: ifxetex 2010/09/12 v0.6 Provides ifxetex conditional
)
\Gm@cnth=\count102
\Gm@cntv=\count103
\c@Gm@tempcnt=\count104
\Gm@bindingoffset=\dimen117
\Gm@wd@mp=\dimen118
\Gm@odd@mp=\dimen119
\Gm@even@mp=\dimen120
\Gm@layoutwidth=\dimen121
\Gm@layoutheight=\dimen122
\Gm@layouthoffset=\dimen123
\Gm@layoutvoffset=\dimen124
\Gm@dimlist=\toks16

("C:\Users\TEMKENG\AppData\Local\Programs\MiKTeX 2.9\tex\latex\geometry\geometr
y.cfg")) (HWS_PR_VISCY-Protokoll_03.aux)
\openout1 = `HWS_PR_VISCY-Protokoll_03.aux'.

LaTeX Font Info:    Checking defaults for OML/cmm/m/it on input line 42.
LaTeX Font Info:    ... okay on input line 42.
LaTeX Font Info:    Checking defaults for T1/cmr/m/n on input line 42.
LaTeX Font Info:    ... okay on input line 42.
LaTeX Font Info:    Checking defaults for OT1/cmr/m/n on input line 42.
LaTeX Font Info:    ... okay on input line 42.
LaTeX Font Info:    Checking defaults for OMS/cmsy/m/n on input line 42.
LaTeX Font Info:    ... okay on input line 42.
LaTeX Font Info:    Checking defaults for OMX/cmex/m/n on input line 42.
LaTeX Font Info:    ... okay on input line 42.
LaTeX Font Info:    Checking defaults for U/cmr/m/n on input line 42.
LaTeX Font Info:    ... okay on input line 42.

("C:\Users\TEMKENG\AppData\Local\Programs\MiKTeX 2.9\tex\context\base\mkii\supp
-pdf.mkii"
[Loading MPS to PDF converter (version 2006.09.02).]
\scratchcounter=\count105
\scratchdimen=\dimen125
\scratchbox=\box28
\nofMPsegments=\count106
\nofMParguments=\count107
\everyMPshowfont=\toks17
\MPscratchCnt=\count108
\MPscratchDim=\dimen126
\MPnumerator=\count109
\makeMPintoPDFobject=\count110
\everyMPtoPDFconversion=\toks18
)
("C:\Users\TEMKENG\AppData\Local\Programs\MiKTeX 2.9\tex\latex\oberdiek\epstopd
f-base.sty"
Package: epstopdf-base 2016/05/15 v2.6 Base part for package epstopdf

("C:\Users\TEMKENG\AppData\Local\Programs\MiKTeX 2.9\tex\generic\oberdiek\infwa
rerr.sty"
Package: infwarerr 2016/05/16 v1.4 Providing info/warning/error messages (HO)
)
("C:\Users\TEMKENG\AppData\Local\Programs\MiKTeX 2.9\tex\latex\oberdiek\grfext.
sty"
Package: grfext 2016/05/16 v1.2 Manage graphics extensions (HO)

("C:\Users\TEMKENG\AppData\Local\Programs\MiKTeX 2.9\tex\generic\oberdiek\kvdef
inekeys.sty"
Package: kvdefinekeys 2016/05/16 v1.4 Define keys (HO)

("C:\Users\TEMKENG\AppData\Local\Programs\MiKTeX 2.9\tex\generic\oberdiek\ltxcm
ds.sty"
Package: ltxcmds 2016/05/16 v1.23 LaTeX kernel commands for general use (HO)
)))
("C:\Users\TEMKENG\AppData\Local\Programs\MiKTeX 2.9\tex\latex\oberdiek\kvoptio
ns.sty"
Package: kvoptions 2016/05/16 v3.12 Key value format for package options (HO)

("C:\Users\TEMKENG\AppData\Local\Programs\MiKTeX 2.9\tex\generic\oberdiek\kvset
keys.sty"
Package: kvsetkeys 2016/05/16 v1.17 Key value parser (HO)

("C:\Users\TEMKENG\AppData\Local\Programs\MiKTeX 2.9\tex\generic\oberdiek\etexc
mds.sty"
Package: etexcmds 2016/05/16 v1.6 Avoid name clashes with e-TeX commands (HO)

("C:\Users\TEMKENG\AppData\Local\Programs\MiKTeX 2.9\tex\generic\oberdiek\iflua
tex.sty"
Package: ifluatex 2016/05/16 v1.4 Provides the ifluatex switch (HO)
Package ifluatex Info: LuaTeX not detected.
)
Package etexcmds Info: Could not find \expanded.
(etexcmds)             That can mean that you are not using pdfTeX 1.50 or
(etexcmds)             that some package has redefined \expanded.
(etexcmds)             In the latter case, load this package earlier.
)))
("C:\Users\TEMKENG\AppData\Local\Programs\MiKTeX 2.9\tex\generic\oberdiek\pdfte
xcmds.sty"
Package: pdftexcmds 2018/09/10 v0.29 Utility functions of pdfTeX for LuaTeX (HO
)
Package pdftexcmds Info: LuaTeX not detected.
Package pdftexcmds Info: \pdf@primitive is available.
Package pdftexcmds Info: \pdf@ifprimitive is available.
Package pdftexcmds Info: \pdfdraftmode found.
)
Package epstopdf-base Info: Redefining graphics rule for `.eps' on input line 4
38.
Package grfext Info: Graphics extension search list:
(grfext)             [.pdf,.png,.jpg,.mps,.jpeg,.jbig2,.jb2,.PDF,.PNG,.JPG,.JPE
G,.JBIG2,.JB2,.eps]
(grfext)             \AppendGraphicsExtensions on input line 456.
)
\c@lstlisting=\count111
Package caption Info: Begin \AtBeginDocument code.
Package caption Info: End \AtBeginDocument code.

*geometry* driver: auto-detecting
*geometry* detected driver: pdftex
*geometry* verbose mode - [ preamble ] result:
* driver: pdftex
* paper: <default>
* layout: <same size as paper>
* layoutoffset:(h,v)=(0.0pt,0.0pt)
* modes: 
* h-part:(L,W,R)=(36.135pt, 542.02501pt, 36.135pt)
* v-part:(T,H,B)=(36.135pt, 722.7pt, 36.135pt)
* \paperwidth=614.295pt
* \paperheight=794.96999pt
* \textwidth=542.02501pt
* \textheight=722.7pt
* \oddsidemargin=-36.135pt
* \evensidemargin=-36.135pt
* \topmargin=-73.135pt
* \headheight=12.0pt
* \headsep=25.0pt
* \topskip=10.0pt
* \footskip=30.0pt
* \marginparwidth=65.0pt
* \marginparsep=11.0pt
* \columnsep=10.0pt
* \skip\footins=9.0pt plus 4.0pt minus 2.0pt
* \hoffset=0.0pt
* \voffset=0.0pt
* \mag=1000
* \@twocolumnfalse
* \@twosidefalse
* \@mparswitchfalse
* \@reversemarginfalse
* (1in=72.27pt=25.4mm, 1cm=28.453pt)

LaTeX Font Info:    External font `cmex10' loaded for size
(Font)              <24.88> on input line 52.
LaTeX Font Info:    External font `cmex10' loaded for size
(Font)              <20.74> on input line 52.
LaTeX Font Info:    External font `cmex10' loaded for size
(Font)              <17.28> on input line 52.
[1

{C:/Users/TEMKENG/AppData/Local/MiKTeX/2.9/pdftex/config/pdftex.map}]
<images/zustand.png, id=8, 672.111pt x 437.83575pt>
File: images/zustand.png Graphic file (type png)
<use images/zustand.png>
Package pdftex.def Info: images/zustand.png  used on input line 64.
(pdftex.def)             Requested size: 542.0584pt x 361.36594pt.
LaTeX Font Info:    Try loading font information for T1+fvm on input line 69.

("C:\Users\TEMKENG\AppData\Local\Programs\MiKTeX 2.9\tex\latex\bera\t1fvm.fd"
File: t1fvm.fd 2004/09/07 scalable font definitions for T1/fvm.
)
(controller.vhdl
LaTeX Font Info:    Font shape `T1/fvm/bx/n' in size <8> not available
(Font)              Font shape `T1/fvm/b/n' tried instead on input line 2.
 [2 <./images/zustand.png>] [3]) (test_all.asm [4] [5])
<images/gtkwave_test_all.png, id=27, 948.54375pt x 274.02374pt>
File: images/gtkwave_test_all.png Graphic file (type png)
<use images/gtkwave_test_all.png>
Package pdftex.def Info: images/gtkwave_test_all.png  used on input line 75.
(pdftex.def)             Requested size: 542.03607pt x 216.81506pt.
<images/controller_synthese.png, id=28, 342.078pt x 476.982pt>
File: images/controller_synthese.png Graphic file (type png)
<use images/controller_synthese.png>
Package pdftex.def Info: images/controller_synthese.png  used on input line 82.

(pdftex.def)             Requested size: 542.0432pt x 722.76393pt.


LaTeX Warning: Float too large for page by 22.06393pt on input line 84.


LaTeX Warning: `!h' float specifier changed to `!ht'.

LaTeX Font Info:    External font `cmex10' loaded for size
(Font)              <7> on input line 86.
LaTeX Font Info:    External font `cmex10' loaded for size
(Font)              <5> on input line 86.
<images/pc_chip_komplett.png, id=29, 429.40425pt x 422.7795pt>
File: images/pc_chip_komplett.png Graphic file (type png)
<use images/pc_chip_komplett.png>
Package pdftex.def Info: images/pc_chip_komplett.png  used on input line 95.
(pdftex.def)             Requested size: 542.05467pt x 578.19804pt.

LaTeX Warning: `!h' float specifier changed to `!ht'.

<images/nero_1.png, id=30, 818.45775pt x 440.24475pt>
File: images/nero_1.png Graphic file (type png)
<use images/nero_1.png>
Package pdftex.def Info: images/nero_1.png  used on input line 100.
(pdftex.def)             Requested size: 542.0321pt x 325.22517pt.
<images/nero_2.png, id=31, 825.68475pt x 432.4155pt>
File: images/nero_2.png Graphic file (type png)
<use images/nero_2.png>
Package pdftex.def Info: images/nero_2.png  used on input line 101.
(pdftex.def)             Requested size: 542.05588pt x 325.21477pt.

LaTeX Warning: `!h' float specifier changed to `!ht'.

<images/3-befehle.png, id=32, 940.11224pt x 431.211pt>
File: images/3-befehle.png Graphic file (type png)
<use images/3-befehle.png>
Package pdftex.def Info: images/3-befehle.png  used on input line 107.
(pdftex.def)             Requested size: 542.05222pt x 361.36598pt.

LaTeX Warning: `!h' float specifier changed to `!ht'.

<images/letzten1.PNG, id=33, 922.647pt x 430.60875pt>
File: images/letzten1.PNG Graphic file (type png)
<use images/letzten1.PNG>
Package pdftex.def Info: images/letzten1.PNG  used on input line 112.
(pdftex.def)             Requested size: 542.03407pt x 361.36063pt.
<images/letzten2.PNG, id=34, 945.5325pt x 401.70074pt>
File: images/letzten2.PNG Graphic file (type png)
<use images/letzten2.PNG>
Package pdftex.def Info: images/letzten2.PNG  used on input line 113.
(pdftex.def)             Requested size: 542.03221pt x 361.3557pt.

LaTeX Warning: Float too large for page by 23.01633pt on input line 115.


LaTeX Warning: `!h' float specifier changed to `!ht'.

<images/laden1.PNG, id=35, 923.8515pt x 425.79076pt>
File: images/laden1.PNG Graphic file (type png)
<use images/laden1.PNG>
Package pdftex.def Info: images/laden1.PNG  used on input line 118.
(pdftex.def)             Requested size: 542.03685pt x 361.35211pt.
<images/laden2.PNG, id=36, 920.84026pt x 402.303pt>
File: images/laden2.PNG Graphic file (type png)
<use images/laden2.PNG>
Package pdftex.def Info: images/laden2.PNG  used on input line 119.
(pdftex.def)             Requested size: 542.02647pt x 361.36339pt.

LaTeX Warning: Float too large for page by 23.0155pt on input line 121.


LaTeX Warning: `!h' float specifier changed to `!ht'.

[6 <./images/gtkwave_test_all.png>] [7 <./images/controller_synthese.png>]
[8 <./images/pc_chip_komplett.png>] [9 <./images/nero_1.png> <./images/nero_2.p
ng>] [10 <./images/3-befehle.png>] [11 <./images/letzten1.PNG> <./images/letzte
n2.PNG>] [12 <./images/laden1.PNG> <./images/laden2.PNG>]
(HWS_PR_VISCY-Protokoll_03.aux) ) 
Here is how much of TeX's memory you used:
 6184 strings out of 492970
 90680 string characters out of 3125707
 225368 words of memory out of 3000000
 9965 multiletter control sequences out of 15000+200000
 13778 words of font info for 35 fonts, out of 3000000 for 9000
 1141 hyphenation exceptions out of 8191
 42i,9n,49p,304b,1687s stack positions out of 5000i,500n,10000p,200000b,50000s
{C:/Users/TEMKENG/AppData/Local/Programs/MiKTe
X 2.9/fonts/enc/dvips/base/8r.enc} <C:\Users\TEMKENG\AppData\Local\MiKTeX\2.9\f
onts\pk\ljfour\jknappen\ec\dpi600\ecbx1200.pk> <C:\Users\TEMKENG\AppData\Local\
MiKTeX\2.9\fonts\pk\ljfour\jknappen\ec\dpi600\ecbx1440.pk> <C:\Users\TEMKENG\Ap
pData\Local\MiKTeX\2.9\fonts\pk\ljfour\jknappen\ec\dpi600\ecrm1000.pk> <C:\User
s\TEMKENG\AppData\Local\MiKTeX\2.9\fonts\pk\ljfour\jknappen\ec\dpi600\ecbx2488.
pk> <C:\Users\TEMKENG\AppData\Local\MiKTeX\2.9\fonts\pk\ljfour\jknappen\ec\dpi6
00\ecrm2488.pk><C:/Users/TEMKENG/AppData/Local/Programs/MiKTeX 2.9/fonts/type1/
bera/fvmb8a.pfb><C:/Users/TEMKENG/AppData/Local/Programs/MiKTeX 2.9/fonts/type1
/bera/fvmr8a.pfb>
Output written on HWS_PR_VISCY-Protokoll_03.pdf (12 pages, 1333983 bytes).
PDF statistics:
 286 PDF objects out of 1000 (max. 8388607)
 0 named destinations out of 1000 (max. 500000)
 56 words of extra memory for PDF output out of 10000 (max. 10000000)

